  [1m[36m (1.2ms)[0m  [1mCREATE TABLE "schema_migrations" ("version" varchar NOT NULL) [0m
  [1m[35m (0.0ms)[0m  select sqlite_version(*)
  [1m[36m (1.0ms)[0m  [1mCREATE UNIQUE INDEX "unique_schema_migrations" ON "schema_migrations" ("version")[0m
  [1m[35mActiveRecord::SchemaMigration Load (0.1ms)[0m  SELECT "schema_migrations".* FROM "schema_migrations"
  [1m[36mActiveRecord::SchemaMigration Load (0.1ms)[0m  [1mSELECT "schema_migrations".* FROM "schema_migrations"[0m
Migrating to CreatePosts (20151230232412)
  [1m[35m (0.1ms)[0m  begin transaction
  [1m[36m (0.4ms)[0m  [1mCREATE TABLE "posts" ("id" INTEGER PRIMARY KEY AUTOINCREMENT NOT NULL, "title" varchar, "description" text, "created_at" datetime NOT NULL, "updated_at" datetime NOT NULL) [0m
  [1m[35mSQL (0.2ms)[0m  INSERT INTO "schema_migrations" ("version") VALUES (?)  [["version", "20151230232412"]]
  [1m[36m (1.3ms)[0m  [1mcommit transaction[0m
  [1m[35mActiveRecord::SchemaMigration Load (0.1ms)[0m  SELECT "schema_migrations".* FROM "schema_migrations"
  [1m[36mActiveRecord::SchemaMigration Load (0.1ms)[0m  [1mSELECT "schema_migrations".* FROM "schema_migrations"[0m
  [1m[35mActiveRecord::SchemaMigration Load (0.1ms)[0m  SELECT "schema_migrations".* FROM "schema_migrations"
  [1m[36mActiveRecord::SchemaMigration Load (0.1ms)[0m  [1mSELECT "schema_migrations".* FROM "schema_migrations"[0m


Started GET "/" for ::1 at 2017-10-15 21:07:55 -0400
  [1m[36mActiveRecord::SchemaMigration Load (0.1ms)[0m  [1mSELECT "schema_migrations".* FROM "schema_migrations"[0m
Processing by Rails::WelcomeController#index as HTML
  Rendered /Users/geneyoo/.rvm/gems/ruby-2.3.5/gems/railties-4.2.5/lib/rails/templates/rails/welcome/index.html.erb (2.1ms)
Completed 200 OK in 23ms (Views: 12.5ms | ActiveRecord: 0.0ms)


Started GET "/posts" for ::1 at 2017-10-15 21:08:01 -0400
Processing by PostsController#index as HTML
  [1m[35mPost Load (0.3ms)[0m  SELECT "posts".* FROM "posts"
  Rendered posts/index.html.erb within layouts/application (9.5ms)
Completed 200 OK in 327ms (Views: 322.1ms | ActiveRecord: 0.5ms)


Started GET "/posts/2" for ::1 at 2017-10-15 21:08:05 -0400
Processing by PostsController#show as HTML
  Parameters: {"id"=>"2"}
  [1m[36mPost Load (0.3ms)[0m  [1mSELECT  "posts".* FROM "posts" WHERE "posts"."id" = ? LIMIT 1[0m  [["id", 2]]
Completed 404 Not Found in 12ms (ActiveRecord: 0.7ms)

ActiveRecord::RecordNotFound (Couldn't find Post with 'id'=2):
  app/controllers/posts_controller.rb:7:in `show'


  Rendered /Users/geneyoo/.rvm/gems/ruby-2.3.5/gems/actionpack-4.2.5/lib/action_dispatch/middleware/templates/rescues/_source.erb (9.9ms)
  Rendered /Users/geneyoo/.rvm/gems/ruby-2.3.5/gems/actionpack-4.2.5/lib/action_dispatch/middleware/templates/rescues/_trace.html.erb (5.2ms)
  Rendered /Users/geneyoo/.rvm/gems/ruby-2.3.5/gems/actionpack-4.2.5/lib/action_dispatch/middleware/templates/rescues/_request_and_response.html.erb (2.4ms)
  Rendered /Users/geneyoo/.rvm/gems/ruby-2.3.5/gems/actionpack-4.2.5/lib/action_dispatch/middleware/templates/rescues/diagnostics.html.erb within rescues/layout (80.9ms)
  Rendered /Users/geneyoo/.rvm/gems/ruby-2.3.5/gems/web-console-2.2.1/lib/web_console/templates/_markup.html.erb (0.4ms)
  Rendered /Users/geneyoo/.rvm/gems/ruby-2.3.5/gems/web-console-2.2.1/lib/web_console/templates/_inner_console_markup.html.erb within layouts/inlined_string (0.4ms)
  Rendered /Users/geneyoo/.rvm/gems/ruby-2.3.5/gems/web-console-2.2.1/lib/web_console/templates/_prompt_box_markup.html.erb within layouts/inlined_string (0.3ms)
  Rendered /Users/geneyoo/.rvm/gems/ruby-2.3.5/gems/web-console-2.2.1/lib/web_console/templates/style.css.erb within layouts/inlined_string (0.8ms)
  Rendered /Users/geneyoo/.rvm/gems/ruby-2.3.5/gems/web-console-2.2.1/lib/web_console/templates/console.js.erb within layouts/javascript (57.4ms)
  Rendered /Users/geneyoo/.rvm/gems/ruby-2.3.5/gems/web-console-2.2.1/lib/web_console/templates/main.js.erb within layouts/javascript (0.3ms)
  Rendered /Users/geneyoo/.rvm/gems/ruby-2.3.5/gems/web-console-2.2.1/lib/web_console/templates/error_page.js.erb within layouts/javascript (0.9ms)
  Rendered /Users/geneyoo/.rvm/gems/ruby-2.3.5/gems/web-console-2.2.1/lib/web_console/templates/index.html.erb (140.1ms)


Started GET "/posts/new" for ::1 at 2017-10-15 21:08:19 -0400
Processing by PostsController#show as HTML
  Parameters: {"id"=>"new"}
  [1m[35mPost Load (0.4ms)[0m  SELECT  "posts".* FROM "posts" WHERE "posts"."id" = ? LIMIT 1  [["id", 0]]
Completed 404 Not Found in 2ms (ActiveRecord: 0.4ms)

ActiveRecord::RecordNotFound (Couldn't find Post with 'id'=new):
  app/controllers/posts_controller.rb:7:in `show'


  Rendered /Users/geneyoo/.rvm/gems/ruby-2.3.5/gems/actionpack-4.2.5/lib/action_dispatch/middleware/templates/rescues/_source.erb (4.9ms)
  Rendered /Users/geneyoo/.rvm/gems/ruby-2.3.5/gems/actionpack-4.2.5/lib/action_dispatch/middleware/templates/rescues/_trace.html.erb (1.9ms)
  Rendered /Users/geneyoo/.rvm/gems/ruby-2.3.5/gems/actionpack-4.2.5/lib/action_dispatch/middleware/templates/rescues/_request_and_response.html.erb (1.0ms)
  Rendered /Users/geneyoo/.rvm/gems/ruby-2.3.5/gems/actionpack-4.2.5/lib/action_dispatch/middleware/templates/rescues/diagnostics.html.erb within rescues/layout (65.1ms)
  Rendered /Users/geneyoo/.rvm/gems/ruby-2.3.5/gems/web-console-2.2.1/lib/web_console/templates/_markup.html.erb (0.4ms)
  Rendered /Users/geneyoo/.rvm/gems/ruby-2.3.5/gems/web-console-2.2.1/lib/web_console/templates/_inner_console_markup.html.erb within layouts/inlined_string (0.4ms)
  Rendered /Users/geneyoo/.rvm/gems/ruby-2.3.5/gems/web-console-2.2.1/lib/web_console/templates/_prompt_box_markup.html.erb within layouts/inlined_string (0.3ms)
  Rendered /Users/geneyoo/.rvm/gems/ruby-2.3.5/gems/web-console-2.2.1/lib/web_console/templates/style.css.erb within layouts/inlined_string (0.3ms)
  Rendered /Users/geneyoo/.rvm/gems/ruby-2.3.5/gems/web-console-2.2.1/lib/web_console/templates/console.js.erb within layouts/javascript (46.4ms)
  Rendered /Users/geneyoo/.rvm/gems/ruby-2.3.5/gems/web-console-2.2.1/lib/web_console/templates/main.js.erb within layouts/javascript (0.3ms)
  Rendered /Users/geneyoo/.rvm/gems/ruby-2.3.5/gems/web-console-2.2.1/lib/web_console/templates/error_page.js.erb within layouts/javascript (0.6ms)
  Rendered /Users/geneyoo/.rvm/gems/ruby-2.3.5/gems/web-console-2.2.1/lib/web_console/templates/index.html.erb (107.7ms)
  [1m[36m (0.1ms)[0m  [1mbegin transaction[0m
  [1m[35mSQL (1.6ms)[0m  INSERT INTO "posts" ("title", "description", "created_at", "updated_at") VALUES (?, ?, ?, ?)  [["title", "New Title"], ["description", "New Description"], ["created_at", "2017-10-16 01:11:42.815014"], ["updated_at", "2017-10-16 01:11:42.815014"]]
  [1m[36m (8.0ms)[0m  [1mcommit transaction[0m
  [1m[35mPost Load (0.3ms)[0m  SELECT "posts".* FROM "posts"


Started GET "/" for ::1 at 2017-10-15 21:12:04 -0400
  [1m[36mActiveRecord::SchemaMigration Load (0.2ms)[0m  [1mSELECT "schema_migrations".* FROM "schema_migrations"[0m
Processing by Rails::WelcomeController#index as HTML
  Rendered /Users/geneyoo/.rvm/gems/ruby-2.3.5/gems/railties-4.2.5/lib/rails/templates/rails/welcome/index.html.erb (1.8ms)
Completed 200 OK in 21ms (Views: 11.2ms | ActiveRecord: 0.0ms)


Started GET "/posts" for ::1 at 2017-10-15 21:12:09 -0400
Processing by PostsController#index as HTML
  [1m[35mPost Load (0.2ms)[0m  SELECT "posts".* FROM "posts"
  Rendered posts/index.html.erb within layouts/application (14.4ms)
Completed 200 OK in 249ms (Views: 245.6ms | ActiveRecord: 0.5ms)


Started GET "/posts/1" for ::1 at 2017-10-15 21:12:16 -0400
Processing by PostsController#show as HTML
  Parameters: {"id"=>"1"}
  [1m[36mPost Load (0.3ms)[0m  [1mSELECT  "posts".* FROM "posts" WHERE "posts"."id" = ? LIMIT 1[0m  [["id", 1]]
  Rendered posts/show.html.erb within layouts/application (0.5ms)
Completed 200 OK in 27ms (Views: 16.5ms | ActiveRecord: 0.3ms)
